# JRE version: Java(TM) SE Runtime Environment (25.0+37) (build 25+37-LTS-3491)
# Java VM: Java HotSpot(TM) 64-Bit Server VM (25+37-LTS-3491, mixed mode, sharing, tiered, compressed oops, compressed class ptrs, g1 gc, windows-amd64)
GC Precious Log:
 CardTable entry size: 512
 Card Set container configuration: InlinePtr #cards 4 size 8 Array Of Cards #cards 16 size 48 Howl #buckets 8 coarsen threshold 3686 Howl Bitmap #cards 512 size 80 coarsen threshold 460 Card regions per heap region 1 cards per card region 4096
 CPUs: 4 total, 4 available
 Memory: 12204M
 Large Page Support: Disabled
 NUMA Support: Disabled
 Compressed Oops: Enabled (Zero based)
 Heap Region Size: 2M
 Heap Min Capacity: 8M
 Heap Initial Capacity: 192M
 Heap Max Capacity: 3052M
 Pre-touch: Disabled
 Parallel Workers: 4
 Concurrent Workers: 1
 Concurrent Refinement Workers: 4
 Periodic GC: Disabled
Heap:
 garbage-first heap   total reserved 3125248K, committed 135168K, used 52603K [0x0000000741400000, 0x0000000800000000)
  region size 2048K, 6 young (12288K), 3 survivors (6144K)
GC Heap Usage History (20 events):
Event: 31.371 {heap Before GC invocations=13 (full 0):
 garbage-first heap   total reserved 3125248K, committed 55296K, used 31439K [0x0000000741400000, 0x0000000800000000)
  region size 2048K, 6 young (12288K), 2 survivors (4096K)
}
Event: 31.378 {heap After GC invocations=14 (full 0):
 garbage-first heap   total reserved 3125248K, committed 55296K, used 28297K [0x0000000741400000, 0x0000000800000000)
  region size 2048K, 2 young (4096K), 2 survivors (4096K)
}
Event: 33.263 {heap Before GC invocations=15 (full 0):
 garbage-first heap   total reserved 3125248K, committed 55296K, used 44681K [0x0000000741400000, 0x0000000800000000)
  region size 2048K, 11 young (22528K), 2 survivors (4096K)
}
Event: 33.276 {heap After GC invocations=16 (full 0):
 garbage-first heap   total reserved 3125248K, committed 55296K, used 30491K [0x0000000741400000, 0x0000000800000000)
  region size 2048K, 2 young (4096K), 2 survivors (4096K)
}
Event: 33.511 {heap Before GC invocations=16 (full 0):
 garbage-first heap   total reserved 3125248K, committed 55296K, used 44827K [0x0000000741400000, 0x0000000800000000)
  region size 2048K, 10 young (20480K), 2 survivors (4096K)
}
Event: 33.524 {heap After GC invocations=17 (full 0):
 garbage-first heap   total reserved 3125248K, committed 57344K, used 33660K [0x0000000741400000, 0x0000000800000000)
  region size 2048K, 2 young (4096K), 2 survivors (4096K)
}
Event: 33.947 {heap Before GC invocations=17 (full 0):
 garbage-first heap   total reserved 3125248K, committed 57344K, used 47996K [0x0000000741400000, 0x0000000800000000)
  region size 2048K, 10 young (20480K), 2 survivors (4096K)
}
Event: 33.953 {heap After GC invocations=18 (full 0):
 garbage-first heap   total reserved 3125248K, committed 59392K, used 37807K [0x0000000741400000, 0x0000000800000000)
  region size 2048K, 2 young (4096K), 2 survivors (4096K)
}
Event: 34.600 {heap Before GC invocations=19 (full 0):
 garbage-first heap   total reserved 3125248K, committed 65536K, used 50095K [0x0000000741400000, 0x0000000800000000)
  region size 2048K, 9 young (18432K), 2 survivors (4096K)
}
Event: 34.614 {heap After GC invocations=20 (full 0):
 garbage-first heap   total reserved 3125248K, committed 65536K, used 44778K [0x0000000741400000, 0x0000000800000000)
  region size 2048K, 2 young (4096K), 2 survivors (4096K)
}
Event: 34.649 {heap Before GC invocations=20 (full 0):
 garbage-first heap   total reserved 3125248K, committed 65536K, used 55018K [0x0000000741400000, 0x0000000800000000)
  region size 2048K, 8 young (16384K), 2 survivors (4096K)
}
Event: 34.661 {heap After GC invocations=21 (full 0):
 garbage-first heap   total reserved 3125248K, committed 67584K, used 47776K [0x0000000741400000, 0x0000000800000000)
  region size 2048K, 1 young (2048K), 1 survivors (2048K)
}
Event: 34.768 {heap Before GC invocations=21 (full 0):
 garbage-first heap   total reserved 3125248K, committed 67584K, used 55968K [0x0000000741400000, 0x0000000800000000)
  region size 2048K, 6 young (12288K), 1 survivors (2048K)
}
Event: 34.772 {heap After GC invocations=22 (full 0):
 garbage-first heap   total reserved 3125248K, committed 67584K, used 49948K [0x0000000741400000, 0x0000000800000000)
  region size 2048K, 1 young (2048K), 1 survivors (2048K)
}
Event: 34.854 {heap Before GC invocations=22 (full 0):
 garbage-first heap   total reserved 3125248K, committed 67584K, used 58140K [0x0000000741400000, 0x0000000800000000)
  region size 2048K, 5 young (10240K), 1 survivors (2048K)
}
Event: 34.860 {heap After GC invocations=23 (full 0):
 garbage-first heap   total reserved 3125248K, committed 135168K, used 52138K [0x0000000741400000, 0x0000000800000000)
  region size 2048K, 1 young (2048K), 1 survivors (2048K)
}
Event: 35.787 {heap Before GC invocations=24 (full 0):
 garbage-first heap   total reserved 3125248K, committed 135168K, used 99242K [0x0000000741400000, 0x0000000800000000)
  region size 2048K, 26 young (53248K), 1 survivors (2048K)
}
Event: 35.797 {heap After GC invocations=25 (full 0):
 garbage-first heap   total reserved 3125248K, committed 135168K, used 53335K [0x0000000741400000, 0x0000000800000000)
  region size 2048K, 3 young (6144K), 3 survivors (6144K)
}
Event: 37.926 {heap Before GC invocations=25 (full 0):
 garbage-first heap   total reserved 3125248K, committed 135168K, used 102487K [0x0000000741400000, 0x0000000800000000)
  region size 2048K, 28 young (57344K), 3 survivors (6144K)
}
Event: 37.937 {heap After GC invocations=26 (full 0):
 garbage-first heap   total reserved 3125248K, committed 135168K, used 48507K [0x0000000741400000, 0x0000000800000000)
  region size 2048K, 3 young (6144K), 3 survivors (6144K)
}

